13:32:28.845 [main] INFO  base.DriverSetup - Test Execution Started
13:32:31.754 [main] INFO  base.DriverSetup - Chrome browser launched
13:32:55.570 [main] INFO  base.DriverSetup - Browser closed
13:33:28.872 [main] INFO  base.DriverSetup - Test Execution Started
13:33:30.300 [main] INFO  base.DriverSetup - Chrome browser launched
13:33:34.363 [main] DEBUG finalProjBankingProj.Customer - deposit successful
13:33:35.023 [main] DEBUG finalProjBankingProj.Customer - Withdrawl Transaction successful
13:33:58.045 [main] INFO  base.DriverSetup - Browser closed
13:34:09.990 [main] INFO  base.DriverSetup - Test Execution Started
13:34:11.430 [main] INFO  base.DriverSetup - Chrome browser launched
13:34:14.987 [main] DEBUG finalProjBankingProj.BankManager - New customer added successfully
13:34:16.907 [main] DEBUG finalProjBankingProj.BankManager - Descending order verified
13:34:17.277 [main] DEBUG finalProjBankingProj.BankManager - Ascending order verified
13:34:17.512 [main] DEBUG finalProjBankingProj.BankManager - Customer deleted
13:34:27.916 [main] INFO  base.DriverSetup - Browser closed
13:35:13.739 [main] INFO  base.DriverSetup - Test Execution Started
13:35:15.078 [main] INFO  base.DriverSetup - Chrome browser launched
13:35:25.145 [main] INFO  base.DriverSetup - Browser closed
13:35:52.634 [main] INFO  base.DriverSetup - Test Execution Started
13:35:54.092 [main] INFO  base.DriverSetup - Chrome browser launched
13:35:57.933 [main] DEBUG finalProjBankingProj.Customer - deposit successful
13:35:58.579 [main] DEBUG finalProjBankingProj.Customer - Withdrawl Transaction successful
13:36:01.527 [main] INFO  base.DriverSetup - Browser closed
